time=2026-01-18T09:41:35.036+01:00 level=INFO msg="Daemon started (interval: %v, auto-commit: %v, auto-push: %v)" !BADKEY=5s !BADKEY=false !BADKEY=false
time=2026-01-18T09:41:35.036+01:00 level=INFO msg="using database" path=/home/mihai/personal/vex-nim/.beads/beads.db
time=2026-01-18T09:41:35.045+01:00 level=INFO msg="database opened" path=/home/mihai/personal/vex-nim/.beads/beads.db freshness_checking=true
time=2026-01-18T09:41:35.045+01:00 level=INFO msg="upgrading .beads/.gitignore"
time=2026-01-18T09:41:35.045+01:00 level=WARN msg="failed to upgrade .gitignore" error="open .beads/.gitignore: no such file or directory"
time=2026-01-18T09:41:35.046+01:00 level=INFO msg="Repository fingerprint validated: %s" !BADKEY=4e020635
time=2026-01-18T09:41:35.046+01:00 level=INFO msg="starting RPC server" socket=/home/mihai/personal/vex-nim/.beads/bd.sock
time=2026-01-18T09:41:35.047+01:00 level=INFO msg="RPC server ready (socket listening)"
time=2026-01-18T09:41:35.048+01:00 level=INFO msg="registered in global registry"
time=2026-01-18T09:41:35.048+01:00 level=INFO msg="Starting %s..." !BADKEY="sync cycle"
time=2026-01-18T09:41:35.049+01:00 level=INFO msg="Exported to JSONL"
time=2026-01-18T09:41:36.812+01:00 level=INFO msg="Pull failed: %v" !BADKEY="git pull failed: signal: killed\nFrom github.com:MihaiAnca13/vex-nim\n * branch            main       -> FETCH_HEAD\n"
time=2026-01-18T09:41:36.812+01:00 level=INFO msg="monitoring parent process" pid=0
time=2026-01-18T09:41:36.812+01:00 level=INFO msg="using event-driven mode"
time=2026-01-18T09:41:36.812+01:00 level=INFO msg="Auto-pull disabled: use 'git pull' manually to sync remote changes"
time=2026-01-18T09:41:36.812+01:00 level=INFO msg="Context canceled, shutting down"
time=2026-01-18T09:41:53.090+01:00 level=INFO msg="Daemon started (interval: %v, auto-commit: %v, auto-push: %v)" !BADKEY=5s !BADKEY=false !BADKEY=false
time=2026-01-18T09:41:53.090+01:00 level=INFO msg="using database" path=/home/mihai/personal/vex-nim/.beads/beads.db
time=2026-01-18T09:41:53.096+01:00 level=INFO msg="database opened" path=/home/mihai/personal/vex-nim/.beads/beads.db freshness_checking=true
time=2026-01-18T09:41:53.096+01:00 level=INFO msg="upgrading .beads/.gitignore"
time=2026-01-18T09:41:53.096+01:00 level=WARN msg="failed to upgrade .gitignore" error="open .beads/.gitignore: no such file or directory"
time=2026-01-18T09:41:53.097+01:00 level=INFO msg="Repository fingerprint validated: %s" !BADKEY=4e020635
time=2026-01-18T09:41:53.098+01:00 level=INFO msg="starting RPC server" socket=/home/mihai/personal/vex-nim/.beads/bd.sock
time=2026-01-18T09:41:53.098+01:00 level=INFO msg="RPC server ready (socket listening)"
time=2026-01-18T09:41:53.100+01:00 level=INFO msg="registered in global registry"
time=2026-01-18T09:41:53.100+01:00 level=INFO msg="Starting %s..." !BADKEY="sync cycle"
time=2026-01-18T09:41:53.100+01:00 level=INFO msg="Pre-export validation failed: %v" !BADKEY="refusing to export: JSONL content has changed since last import (import first to avoid data loss)"
time=2026-01-18T09:41:53.100+01:00 level=INFO msg="monitoring parent process" pid=0
time=2026-01-18T09:41:53.100+01:00 level=INFO msg="using event-driven mode"
time=2026-01-18T09:41:53.100+01:00 level=INFO msg="Auto-pull disabled: use 'git pull' manually to sync remote changes"
time=2026-01-18T09:41:53.146+01:00 level=INFO msg="JSONL file created: %s" !BADKEY=/home/mihai/personal/vex-nim/.beads/issues.jsonl
time=2026-01-18T09:41:53.147+01:00 level=INFO msg="File change detected: %s" !BADKEY=/home/mihai/personal/vex-nim/.beads/issues.jsonl
time=2026-01-18T09:41:53.269+01:00 level=INFO msg="JSONL file created: %s" !BADKEY=/home/mihai/personal/vex-nim/.beads/issues.jsonl
time=2026-01-18T09:41:53.313+01:00 level=INFO msg="Git ref change detected: %s" !BADKEY=/home/mihai/personal/vex-nim/.git/refs/heads/main.lock
time=2026-01-18T09:41:54.314+01:00 level=INFO msg="Import triggered by file change"
time=2026-01-18T09:41:54.315+01:00 level=INFO msg="Starting %s..." !BADKEY=auto-import
time=2026-01-18T09:41:54.316+01:00 level=INFO msg="Skipping %s: JSONL content unchanged" !BADKEY=auto-import
time=2026-01-18T09:41:54.920+01:00 level=INFO msg="JSONL file created: %s" !BADKEY=/home/mihai/personal/vex-nim/.beads/issues.jsonl
time=2026-01-18T09:41:54.920+01:00 level=INFO msg="File change detected: %s" !BADKEY=/home/mihai/personal/vex-nim/.beads/issues.jsonl
time=2026-01-18T09:41:55.030+01:00 level=INFO msg="JSONL file created: %s" !BADKEY=/home/mihai/personal/vex-nim/.beads/issues.jsonl
time=2026-01-18T09:41:56.031+01:00 level=INFO msg="Import triggered by file change"
time=2026-01-18T09:41:56.031+01:00 level=INFO msg="Starting %s..." !BADKEY=auto-import
time=2026-01-18T09:41:56.032+01:00 level=INFO msg="Skipping %s: JSONL content unchanged" !BADKEY=auto-import
time=2026-01-18T09:43:34.077+01:00 level=INFO msg="JSONL file created: %s" !BADKEY=/home/mihai/personal/vex-nim/.beads/issues.jsonl
time=2026-01-18T09:43:34.078+01:00 level=INFO msg="File change detected: %s" !BADKEY=/home/mihai/personal/vex-nim/.beads/issues.jsonl
time=2026-01-18T09:43:34.125+01:00 level=INFO msg="Git ref change detected: %s" !BADKEY=/home/mihai/personal/vex-nim/.git/refs/heads/main.lock
time=2026-01-18T09:43:35.126+01:00 level=INFO msg="Import triggered by file change"
time=2026-01-18T09:43:35.127+01:00 level=INFO msg="Starting %s..." !BADKEY=auto-import
time=2026-01-18T09:43:35.127+01:00 level=INFO msg="Skipping %s: JSONL content unchanged" !BADKEY=auto-import
time=2026-01-18T09:46:16.327+01:00 level=INFO msg="Mutation detected: %s %s" create=vex-nim-57c
time=2026-01-18T09:46:16.828+01:00 level=INFO msg="Export triggered by mutation events"
time=2026-01-18T09:46:16.828+01:00 level=INFO msg="Starting %s..." !BADKEY=export
time=2026-01-18T09:46:16.829+01:00 level=INFO msg="Exported to JSONL"
time=2026-01-18T09:46:16.829+01:00 level=INFO msg="Export complete"
time=2026-01-18T09:46:16.829+01:00 level=INFO msg="JSONL file created: %s" !BADKEY=/home/mihai/personal/vex-nim/.beads/issues.jsonl
time=2026-01-18T09:46:16.843+01:00 level=INFO msg="Mutation detected: %s %s" create=vex-nim-7gh
time=2026-01-18T09:46:17.344+01:00 level=INFO msg="Export triggered by mutation events"
time=2026-01-18T09:46:17.344+01:00 level=INFO msg="Starting %s..." !BADKEY=export
time=2026-01-18T09:46:17.344+01:00 level=INFO msg="Pre-export validation failed: %v" !BADKEY="refusing to export: JSONL content has changed since last import (import first to avoid data loss)"
time=2026-01-18T09:46:17.653+01:00 level=INFO msg="Mutation detected: %s %s" create=vex-nim-iww
time=2026-01-18T09:46:17.829+01:00 level=INFO msg="Import triggered by file change"
time=2026-01-18T09:46:17.830+01:00 level=INFO msg="Starting %s..." !BADKEY=auto-import
time=2026-01-18T09:46:17.830+01:00 level=INFO msg="JSONL content changed, proceeding with %s..." !BADKEY=auto-import
time=2026-01-18T09:46:17.832+01:00 level=INFO msg="⚠️  WARNING: Uncommitted local changes detected in %s" !BADKEY=/home/mihai/personal/vex-nim/.beads/issues.jsonl
time=2026-01-18T09:46:17.832+01:00 level=INFO msg="   Pulling from remote may overwrite local unpushed changes."
time=2026-01-18T09:46:17.832+01:00 level=INFO msg="   Consider running 'bd sync' to commit and push your changes first."
time=2026-01-18T09:46:18.100+01:00 level=INFO msg="Mutation detected: %s %s" create=vex-nim-bkf
time=2026-01-18T09:46:18.600+01:00 level=INFO msg="Export triggered by mutation events"
time=2026-01-18T09:46:18.601+01:00 level=INFO msg="Starting %s..." !BADKEY=export
time=2026-01-18T09:46:18.602+01:00 level=INFO msg="Pre-export validation failed: %v" !BADKEY="refusing to export: JSONL content has changed since last import (import first to avoid data loss)"
time=2026-01-18T09:46:19.494+01:00 level=INFO msg="Pulled from remote"
time=2026-01-18T09:46:19.504+01:00 level=INFO msg="Imported from JSONL"
time=2026-01-18T09:46:19.506+01:00 level=INFO msg="Auto-import complete"
time=2026-01-18T09:46:21.712+01:00 level=INFO msg="Mutation detected: %s %s" create=vex-nim-lef
time=2026-01-18T09:46:22.212+01:00 level=INFO msg="Export triggered by mutation events"
time=2026-01-18T09:46:22.212+01:00 level=INFO msg="Starting %s..." !BADKEY=export
time=2026-01-18T09:46:22.212+01:00 level=INFO msg="Pre-export validation failed: %v" !BADKEY="refusing to export: JSONL content has changed since last import (import first to avoid data loss)"
time=2026-01-18T09:46:22.358+01:00 level=INFO msg="Mutation detected: %s %s" create=vex-nim-tcq
time=2026-01-18T09:46:22.859+01:00 level=INFO msg="Export triggered by mutation events"
time=2026-01-18T09:46:22.859+01:00 level=INFO msg="Starting %s..." !BADKEY=export
time=2026-01-18T09:46:22.859+01:00 level=INFO msg="Pre-export validation failed: %v" !BADKEY="refusing to export: JSONL content has changed since last import (import first to avoid data loss)"
time=2026-01-18T09:46:23.097+01:00 level=INFO msg="Mutation detected: %s %s" create=vex-nim-t2g
time=2026-01-18T09:46:23.597+01:00 level=INFO msg="Export triggered by mutation events"
time=2026-01-18T09:46:23.597+01:00 level=INFO msg="Starting %s..." !BADKEY=export
time=2026-01-18T09:46:23.597+01:00 level=INFO msg="Pre-export validation failed: %v" !BADKEY="refusing to export: JSONL content has changed since last import (import first to avoid data loss)"
time=2026-01-18T09:46:23.659+01:00 level=INFO msg="Mutation detected: %s %s" create=vex-nim-3sw
time=2026-01-18T09:46:24.159+01:00 level=INFO msg="Export triggered by mutation events"
time=2026-01-18T09:46:24.159+01:00 level=INFO msg="Starting %s..." !BADKEY=export
time=2026-01-18T09:46:24.159+01:00 level=INFO msg="Pre-export validation failed: %v" !BADKEY="refusing to export: JSONL content has changed since last import (import first to avoid data loss)"
time=2026-01-18T09:46:28.159+01:00 level=INFO msg="Mutation detected: %s %s" create=vex-nim-046
time=2026-01-18T09:46:28.622+01:00 level=INFO msg="Mutation detected: %s %s" create=vex-nim-485
time=2026-01-18T09:46:29.123+01:00 level=INFO msg="Export triggered by mutation events"
time=2026-01-18T09:46:29.123+01:00 level=INFO msg="Starting %s..." !BADKEY=export
time=2026-01-18T09:46:29.123+01:00 level=INFO msg="Pre-export validation failed: %v" !BADKEY="refusing to export: JSONL content has changed since last import (import first to avoid data loss)"
time=2026-01-18T09:46:29.536+01:00 level=INFO msg="Mutation detected: %s %s" create=vex-nim-flr
time=2026-01-18T09:46:30.036+01:00 level=INFO msg="Export triggered by mutation events"
time=2026-01-18T09:46:30.036+01:00 level=INFO msg="Starting %s..." !BADKEY=export
time=2026-01-18T09:46:30.037+01:00 level=INFO msg="Pre-export validation failed: %v" !BADKEY="refusing to export: JSONL content has changed since last import (import first to avoid data loss)"
time=2026-01-18T09:46:30.046+01:00 level=INFO msg="Mutation detected: %s %s" create=vex-nim-c9i
time=2026-01-18T09:46:30.547+01:00 level=INFO msg="Export triggered by mutation events"
time=2026-01-18T09:46:30.547+01:00 level=INFO msg="Starting %s..." !BADKEY=export
time=2026-01-18T09:46:30.547+01:00 level=INFO msg="Pre-export validation failed: %v" !BADKEY="refusing to export: JSONL content has changed since last import (import first to avoid data loss)"
time=2026-01-18T09:46:36.341+01:00 level=INFO msg="Mutation detected: %s %s" update=vex-nim-7gh
time=2026-01-18T09:46:36.397+01:00 level=INFO msg="Mutation detected: %s %s" update=vex-nim-iww
time=2026-01-18T09:46:36.448+01:00 level=INFO msg="Mutation detected: %s %s" update=vex-nim-bkf
time=2026-01-18T09:46:36.910+01:00 level=INFO msg="Mutation detected: %s %s" update=vex-nim-lef
time=2026-01-18T09:46:36.964+01:00 level=INFO msg="Mutation detected: %s %s" update=vex-nim-lef
time=2026-01-18T09:46:37.021+01:00 level=INFO msg="Mutation detected: %s %s" update=vex-nim-lef
time=2026-01-18T09:46:37.247+01:00 level=INFO msg="Mutation detected: %s %s" update=vex-nim-tcq
time=2026-01-18T09:46:37.748+01:00 level=INFO msg="Export triggered by mutation events"
time=2026-01-18T09:46:37.748+01:00 level=INFO msg="Starting %s..." !BADKEY=export
time=2026-01-18T09:46:37.748+01:00 level=INFO msg="Pre-export validation failed: %v" !BADKEY="refusing to export: JSONL content has changed since last import (import first to avoid data loss)"
time=2026-01-18T09:46:43.424+01:00 level=INFO msg="Mutation detected: %s %s" update=vex-nim-t2g
time=2026-01-18T09:46:43.478+01:00 level=INFO msg="Mutation detected: %s %s" update=vex-nim-3sw
time=2026-01-18T09:46:43.530+01:00 level=INFO msg="Mutation detected: %s %s" update=vex-nim-046
time=2026-01-18T09:46:43.579+01:00 level=INFO msg="Mutation detected: %s %s" update=vex-nim-485
time=2026-01-18T09:46:44.080+01:00 level=INFO msg="Export triggered by mutation events"
time=2026-01-18T09:46:44.080+01:00 level=INFO msg="Starting %s..." !BADKEY=export
time=2026-01-18T09:46:44.080+01:00 level=INFO msg="Pre-export validation failed: %v" !BADKEY="refusing to export: JSONL content has changed since last import (import first to avoid data loss)"
time=2026-01-18T09:46:45.229+01:00 level=INFO msg="Mutation detected: %s %s" update=vex-nim-flr
time=2026-01-18T09:46:45.284+01:00 level=INFO msg="Mutation detected: %s %s" update=vex-nim-flr
time=2026-01-18T09:46:45.339+01:00 level=INFO msg="Mutation detected: %s %s" update=vex-nim-flr
time=2026-01-18T09:46:45.389+01:00 level=INFO msg="Mutation detected: %s %s" update=vex-nim-c9i
time=2026-01-18T09:46:45.445+01:00 level=INFO msg="Mutation detected: %s %s" update=vex-nim-c9i
time=2026-01-18T09:46:45.501+01:00 level=INFO msg="Mutation detected: %s %s" update=vex-nim-c9i
time=2026-01-18T09:46:46.002+01:00 level=INFO msg="Export triggered by mutation events"
time=2026-01-18T09:46:46.002+01:00 level=INFO msg="Starting %s..." !BADKEY=export
time=2026-01-18T09:46:46.002+01:00 level=INFO msg="Pre-export validation failed: %v" !BADKEY="refusing to export: JSONL content has changed since last import (import first to avoid data loss)"
time=2026-01-18T09:46:49.402+01:00 level=INFO msg="JSONL file created: %s" !BADKEY=/home/mihai/personal/vex-nim/.beads/issues.jsonl
time=2026-01-18T09:46:49.402+01:00 level=INFO msg="File change detected: %s" !BADKEY=/home/mihai/personal/vex-nim/.beads/issues.jsonl
time=2026-01-18T09:46:50.403+01:00 level=INFO msg="Import triggered by file change"
time=2026-01-18T09:46:50.403+01:00 level=INFO msg="Starting %s..." !BADKEY=auto-import
time=2026-01-18T09:46:50.403+01:00 level=INFO msg="JSONL content changed, proceeding with %s..." !BADKEY=auto-import
time=2026-01-18T09:46:50.405+01:00 level=INFO msg="⚠️  WARNING: Uncommitted local changes detected in %s" !BADKEY=/home/mihai/personal/vex-nim/.beads/issues.jsonl
time=2026-01-18T09:46:50.405+01:00 level=INFO msg="   Pulling from remote may overwrite local unpushed changes."
time=2026-01-18T09:46:50.405+01:00 level=INFO msg="   Consider running 'bd sync' to commit and push your changes first."
time=2026-01-18T09:46:50.875+01:00 level=INFO msg="JSONL file created: %s" !BADKEY=/home/mihai/personal/vex-nim/.beads/issues.jsonl
time=2026-01-18T09:46:50.960+01:00 level=INFO msg="JSONL file created: %s" !BADKEY=/home/mihai/personal/vex-nim/.beads/issues.jsonl
time=2026-01-18T09:46:50.960+01:00 level=INFO msg="File change detected: %s" !BADKEY=/home/mihai/personal/vex-nim/.beads/issues.jsonl
time=2026-01-18T09:46:51.068+01:00 level=INFO msg="JSONL file created: %s" !BADKEY=/home/mihai/personal/vex-nim/.beads/issues.jsonl
time=2026-01-18T09:46:51.114+01:00 level=INFO msg="Git ref change detected: %s" !BADKEY=/home/mihai/personal/vex-nim/.git/refs/heads/main.lock
time=2026-01-18T09:46:51.849+01:00 level=INFO msg="Pull failed: %v (backoff: %v)" !BADKEY="git pull failed: exit status 128\nFrom github.com:MihaiAnca13/vex-nim\n * branch            main       -> FETCH_HEAD\nwarning: fetch updated the current branch head.\nfast-forwarding your working tree from\ncommit c22f4419782283d3e1dcf3042bb5e80b18b3ec18.\nerror: Your local changes to the following files would be overwritten by merge:\n\t.beads/issues.jsonl\nPlease commit your changes or stash them before you merge.\nAborting\nfatal: Cannot fast-forward your working tree.\nAfter making sure that you saved anything precious from\n$ git diff c22f4419782283d3e1dcf3042bb5e80b18b3ec18\noutput, run\n$ git reset --hard\nto recover.\n" !BADKEY=30s
time=2026-01-18T09:46:52.115+01:00 level=INFO msg="Import triggered by file change"
time=2026-01-18T09:46:52.116+01:00 level=INFO msg="Skipping %s: in backoff period" !BADKEY=auto-import
time=2026-01-18T09:46:52.450+01:00 level=INFO msg="JSONL file created: %s" !BADKEY=/home/mihai/personal/vex-nim/.beads/issues.jsonl
time=2026-01-18T09:46:52.450+01:00 level=INFO msg="File change detected: %s" !BADKEY=/home/mihai/personal/vex-nim/.beads/issues.jsonl
time=2026-01-18T09:46:53.451+01:00 level=INFO msg="Import triggered by file change"
time=2026-01-18T09:46:53.451+01:00 level=INFO msg="Starting %s..." !BADKEY=auto-import
time=2026-01-18T09:46:53.451+01:00 level=INFO msg="Skipping %s: JSONL content unchanged" !BADKEY=auto-import
time=2026-01-18T09:47:16.972+01:00 level=INFO msg="JSONL file created: %s" !BADKEY=/home/mihai/personal/vex-nim/.beads/issues.jsonl
time=2026-01-18T09:47:17.043+01:00 level=INFO msg="JSONL file created: %s" !BADKEY=/home/mihai/personal/vex-nim/.beads/issues.jsonl
time=2026-01-18T09:47:17.043+01:00 level=INFO msg="File change detected: %s" !BADKEY=/home/mihai/personal/vex-nim/.beads/issues.jsonl
time=2026-01-18T09:47:17.151+01:00 level=INFO msg="JSONL file created: %s" !BADKEY=/home/mihai/personal/vex-nim/.beads/issues.jsonl
time=2026-01-18T09:47:18.152+01:00 level=INFO msg="Import triggered by file change"
time=2026-01-18T09:47:18.152+01:00 level=INFO msg="Starting %s..." !BADKEY=auto-import
time=2026-01-18T09:47:18.153+01:00 level=INFO msg="Skipping %s: JSONL content unchanged" !BADKEY=auto-import
time=2026-01-18T09:48:02.391+01:00 level=INFO msg="Git ref change detected: %s" !BADKEY=/home/mihai/personal/vex-nim/.git/refs/heads/beads-sync.lock
time=2026-01-18T09:48:03.393+01:00 level=INFO msg="Import triggered by file change"
time=2026-01-18T09:48:03.393+01:00 level=INFO msg="Starting %s..." !BADKEY=auto-import
time=2026-01-18T09:48:03.394+01:00 level=INFO msg="Skipping %s: JSONL content unchanged" !BADKEY=auto-import
time=2026-01-18T09:48:06.038+01:00 level=INFO msg="Git ref change detected: %s" !BADKEY=/home/mihai/personal/vex-nim/.git/refs/heads/beads-sync.lock
time=2026-01-18T09:48:07.039+01:00 level=INFO msg="Import triggered by file change"
time=2026-01-18T09:48:07.039+01:00 level=INFO msg="Starting %s..." !BADKEY=auto-import
time=2026-01-18T09:48:07.041+01:00 level=INFO msg="Skipping %s: JSONL content unchanged" !BADKEY=auto-import
time=2026-01-18T09:48:08.033+01:00 level=INFO msg="JSONL file created: %s" !BADKEY=/home/mihai/personal/vex-nim/.beads/issues.jsonl
time=2026-01-18T09:48:08.115+01:00 level=INFO msg="JSONL file created: %s" !BADKEY=/home/mihai/personal/vex-nim/.beads/issues.jsonl
time=2026-01-18T09:48:08.115+01:00 level=INFO msg="File change detected: %s" !BADKEY=/home/mihai/personal/vex-nim/.beads/issues.jsonl
time=2026-01-18T09:48:09.118+01:00 level=INFO msg="Import triggered by file change"
time=2026-01-18T09:48:09.118+01:00 level=INFO msg="Starting %s..." !BADKEY=auto-import
time=2026-01-18T09:48:09.118+01:00 level=INFO msg="JSONL content changed, proceeding with %s..." !BADKEY=auto-import
time=2026-01-18T09:48:10.807+01:00 level=INFO msg="Pull failed: %v (backoff: %v)" !BADKEY="git pull failed: exit status 1\nfatal: couldn't find remote ref beads-sync\n" !BADKEY=30s
time=2026-01-18T09:57:34.488+01:00 level=INFO msg="JSONL file created: %s" !BADKEY=/home/mihai/personal/vex-nim/.beads/issues.jsonl
time=2026-01-18T09:57:34.488+01:00 level=INFO msg="File change detected: %s" !BADKEY=/home/mihai/personal/vex-nim/.beads/issues.jsonl
time=2026-01-18T09:57:34.534+01:00 level=INFO msg="Git ref change detected: %s" !BADKEY=/home/mihai/personal/vex-nim/.git/refs/heads/main.lock
time=2026-01-18T09:57:35.536+01:00 level=INFO msg="Import triggered by file change"
time=2026-01-18T09:57:35.536+01:00 level=INFO msg="Starting %s..." !BADKEY=auto-import
time=2026-01-18T09:57:35.537+01:00 level=INFO msg="Skipping %s: JSONL content unchanged" !BADKEY=auto-import
time=2026-01-18T09:57:39.058+01:00 level=INFO msg="JSONL file created: %s" !BADKEY=/home/mihai/personal/vex-nim/.beads/issues.jsonl
time=2026-01-18T09:57:39.058+01:00 level=INFO msg="File change detected: %s" !BADKEY=/home/mihai/personal/vex-nim/.beads/issues.jsonl
time=2026-01-18T09:57:40.059+01:00 level=INFO msg="Import triggered by file change"
time=2026-01-18T09:57:40.060+01:00 level=INFO msg="Starting %s..." !BADKEY=auto-import
time=2026-01-18T09:57:40.060+01:00 level=INFO msg="Skipping %s: JSONL content unchanged" !BADKEY=auto-import
time=2026-01-18T10:00:22.797+01:00 level=INFO msg="JSONL file created: %s" !BADKEY=/home/mihai/personal/vex-nim/.beads/issues.jsonl
time=2026-01-18T10:00:22.797+01:00 level=INFO msg="File change detected: %s" !BADKEY=/home/mihai/personal/vex-nim/.beads/issues.jsonl
time=2026-01-18T10:00:22.841+01:00 level=INFO msg="Git ref change detected: %s" !BADKEY=/home/mihai/personal/vex-nim/.git/refs/heads/main.lock
time=2026-01-18T10:00:23.842+01:00 level=INFO msg="Import triggered by file change"
time=2026-01-18T10:00:23.842+01:00 level=INFO msg="Starting %s..." !BADKEY=auto-import
time=2026-01-18T10:00:23.843+01:00 level=INFO msg="Skipping %s: JSONL content unchanged" !BADKEY=auto-import
time=2026-01-18T10:01:14.221+01:00 level=INFO msg="Mutation detected: %s %s" status=vex-nim-57c
time=2026-01-18T10:01:14.721+01:00 level=INFO msg="Export triggered by mutation events"
time=2026-01-18T10:01:14.722+01:00 level=INFO msg="Starting %s..." !BADKEY=export
time=2026-01-18T10:01:14.723+01:00 level=INFO msg="Exported to JSONL"
time=2026-01-18T10:01:14.723+01:00 level=INFO msg="Export complete"
time=2026-01-18T10:01:14.723+01:00 level=INFO msg="JSONL file created: %s" !BADKEY=/home/mihai/personal/vex-nim/.beads/issues.jsonl
time=2026-01-18T10:01:15.724+01:00 level=INFO msg="Import triggered by file change"
time=2026-01-18T10:01:15.724+01:00 level=INFO msg="Starting %s..." !BADKEY=auto-import
time=2026-01-18T10:01:15.725+01:00 level=INFO msg="JSONL content changed, proceeding with %s..." !BADKEY=auto-import
time=2026-01-18T10:01:15.730+01:00 level=INFO msg="⚠️  WARNING: Uncommitted local changes detected in %s" !BADKEY=/home/mihai/personal/vex-nim/.beads/issues.jsonl
time=2026-01-18T10:01:15.730+01:00 level=INFO msg="   Pulling from remote may overwrite local unpushed changes."
time=2026-01-18T10:01:15.730+01:00 level=INFO msg="   Consider running 'bd sync' to commit and push your changes first."
time=2026-01-18T10:01:17.250+01:00 level=INFO msg="Pulled from remote"
time=2026-01-18T10:01:17.255+01:00 level=INFO msg="Imported from JSONL"
time=2026-01-18T10:01:17.257+01:00 level=INFO msg="Auto-import complete"
time=2026-01-18T10:01:26.650+01:00 level=INFO msg="Mutation detected: %s %s" status=vex-nim-57c
time=2026-01-18T10:01:27.151+01:00 level=INFO msg="Export triggered by mutation events"
time=2026-01-18T10:01:27.151+01:00 level=INFO msg="Starting %s..." !BADKEY=export
time=2026-01-18T10:01:27.151+01:00 level=INFO msg="Pre-export validation failed: %v" !BADKEY="refusing to export: JSONL content has changed since last import (import first to avoid data loss)"
time=2026-01-18T10:01:38.249+01:00 level=INFO msg="JSONL file created: %s" !BADKEY=/home/mihai/personal/vex-nim/.beads/issues.jsonl
time=2026-01-18T10:01:38.249+01:00 level=INFO msg="File change detected: %s" !BADKEY=/home/mihai/personal/vex-nim/.beads/issues.jsonl
time=2026-01-18T10:01:38.313+01:00 level=INFO msg="Git ref change detected: %s" !BADKEY=/home/mihai/personal/vex-nim/.git/refs/heads/main.lock
time=2026-01-18T10:01:39.314+01:00 level=INFO msg="Import triggered by file change"
time=2026-01-18T10:01:39.315+01:00 level=INFO msg="Starting %s..." !BADKEY=auto-import
time=2026-01-18T10:01:39.317+01:00 level=INFO msg="Skipping %s: JSONL content unchanged" !BADKEY=auto-import
time=2026-01-18T10:01:42.781+01:00 level=INFO msg="JSONL file created: %s" !BADKEY=/home/mihai/personal/vex-nim/.beads/issues.jsonl
time=2026-01-18T10:01:42.849+01:00 level=INFO msg="JSONL file created: %s" !BADKEY=/home/mihai/personal/vex-nim/.beads/issues.jsonl
time=2026-01-18T10:01:42.849+01:00 level=INFO msg="File change detected: %s" !BADKEY=/home/mihai/personal/vex-nim/.beads/issues.jsonl
time=2026-01-18T10:01:43.851+01:00 level=INFO msg="Import triggered by file change"
time=2026-01-18T10:01:43.851+01:00 level=INFO msg="Starting %s..." !BADKEY=auto-import
time=2026-01-18T10:01:43.851+01:00 level=INFO msg="JSONL content changed, proceeding with %s..." !BADKEY=auto-import
time=2026-01-18T10:01:45.507+01:00 level=INFO msg="Pulled from remote"
time=2026-01-18T10:01:45.510+01:00 level=INFO msg="Imported from JSONL"
time=2026-01-18T10:01:45.510+01:00 level=INFO msg="Auto-import complete"
time=2026-01-18T10:01:46.805+01:00 level=INFO msg="JSONL file created: %s" !BADKEY=/home/mihai/personal/vex-nim/.beads/issues.jsonl
time=2026-01-18T10:01:46.805+01:00 level=INFO msg="File change detected: %s" !BADKEY=/home/mihai/personal/vex-nim/.beads/issues.jsonl
time=2026-01-18T10:01:47.806+01:00 level=INFO msg="Import triggered by file change"
time=2026-01-18T10:01:47.806+01:00 level=INFO msg="Starting %s..." !BADKEY=auto-import
time=2026-01-18T10:01:47.807+01:00 level=INFO msg="Skipping %s: JSONL content unchanged" !BADKEY=auto-import
time=2026-01-18T10:06:03.889+01:00 level=INFO msg="Mutation detected: %s %s" create=vex-nim-xmg
time=2026-01-18T10:06:04.390+01:00 level=INFO msg="Export triggered by mutation events"
time=2026-01-18T10:06:04.390+01:00 level=INFO msg="Starting %s..." !BADKEY=export
time=2026-01-18T10:06:04.394+01:00 level=INFO msg="Exported to JSONL"
time=2026-01-18T10:06:04.394+01:00 level=INFO msg="Export complete"
time=2026-01-18T10:06:04.394+01:00 level=INFO msg="JSONL file created: %s" !BADKEY=/home/mihai/personal/vex-nim/.beads/issues.jsonl
time=2026-01-18T10:06:05.396+01:00 level=INFO msg="Import triggered by file change"
time=2026-01-18T10:06:05.396+01:00 level=INFO msg="Starting %s..." !BADKEY=auto-import
time=2026-01-18T10:06:05.396+01:00 level=INFO msg="JSONL content changed, proceeding with %s..." !BADKEY=auto-import
time=2026-01-18T10:06:05.402+01:00 level=INFO msg="⚠️  WARNING: Uncommitted local changes detected in %s" !BADKEY=/home/mihai/personal/vex-nim/.beads/issues.jsonl
time=2026-01-18T10:06:05.402+01:00 level=INFO msg="   Pulling from remote may overwrite local unpushed changes."
time=2026-01-18T10:06:05.402+01:00 level=INFO msg="   Consider running 'bd sync' to commit and push your changes first."
time=2026-01-18T10:06:06.745+01:00 level=INFO msg="Mutation detected: %s %s" create=vex-nim-tg8
time=2026-01-18T10:06:07.108+01:00 level=INFO msg="Pulled from remote"
time=2026-01-18T10:06:07.123+01:00 level=INFO msg="Imported from JSONL"
time=2026-01-18T10:06:07.126+01:00 level=INFO msg="Auto-import complete"
time=2026-01-18T10:06:07.190+01:00 level=INFO msg="Mutation detected: %s %s" create=vex-nim-7xa
time=2026-01-18T10:06:07.690+01:00 level=INFO msg="Export triggered by mutation events"
time=2026-01-18T10:06:07.690+01:00 level=INFO msg="Starting %s..." !BADKEY=export
time=2026-01-18T10:06:07.691+01:00 level=INFO msg="Pre-export validation failed: %v" !BADKEY="refusing to export: JSONL content has changed since last import (import first to avoid data loss)"
time=2026-01-18T10:06:08.286+01:00 level=INFO msg="Mutation detected: %s %s" create=vex-nim-6u0
time=2026-01-18T10:06:08.787+01:00 level=INFO msg="Export triggered by mutation events"
time=2026-01-18T10:06:08.787+01:00 level=INFO msg="Starting %s..." !BADKEY=export
time=2026-01-18T10:06:08.787+01:00 level=INFO msg="Pre-export validation failed: %v" !BADKEY="refusing to export: JSONL content has changed since last import (import first to avoid data loss)"
time=2026-01-18T10:06:09.209+01:00 level=INFO msg="Mutation detected: %s %s" create=vex-nim-jcg
time=2026-01-18T10:06:09.710+01:00 level=INFO msg="Export triggered by mutation events"
time=2026-01-18T10:06:09.710+01:00 level=INFO msg="Starting %s..." !BADKEY=export
time=2026-01-18T10:06:09.711+01:00 level=INFO msg="Pre-export validation failed: %v" !BADKEY="refusing to export: JSONL content has changed since last import (import first to avoid data loss)"
time=2026-01-18T10:06:10.330+01:00 level=INFO msg="Mutation detected: %s %s" create=vex-nim-1cq
time=2026-01-18T10:06:10.830+01:00 level=INFO msg="Export triggered by mutation events"
time=2026-01-18T10:06:10.830+01:00 level=INFO msg="Starting %s..." !BADKEY=export
time=2026-01-18T10:06:10.831+01:00 level=INFO msg="Pre-export validation failed: %v" !BADKEY="refusing to export: JSONL content has changed since last import (import first to avoid data loss)"
time=2026-01-18T10:06:10.847+01:00 level=INFO msg="Mutation detected: %s %s" create=vex-nim-2v4
time=2026-01-18T10:06:11.347+01:00 level=INFO msg="Export triggered by mutation events"
time=2026-01-18T10:06:11.347+01:00 level=INFO msg="Starting %s..." !BADKEY=export
time=2026-01-18T10:06:11.347+01:00 level=INFO msg="Pre-export validation failed: %v" !BADKEY="refusing to export: JSONL content has changed since last import (import first to avoid data loss)"
time=2026-01-18T10:06:11.976+01:00 level=INFO msg="Mutation detected: %s %s" create=vex-nim-h6h
time=2026-01-18T10:06:12.476+01:00 level=INFO msg="Export triggered by mutation events"
time=2026-01-18T10:06:12.476+01:00 level=INFO msg="Starting %s..." !BADKEY=export
time=2026-01-18T10:06:12.477+01:00 level=INFO msg="Pre-export validation failed: %v" !BADKEY="refusing to export: JSONL content has changed since last import (import first to avoid data loss)"
time=2026-01-18T10:06:12.480+01:00 level=INFO msg="Mutation detected: %s %s" create=vex-nim-1pt
time=2026-01-18T10:06:12.891+01:00 level=INFO msg="Mutation detected: %s %s" create=vex-nim-ynp
time=2026-01-18T10:06:13.392+01:00 level=INFO msg="Export triggered by mutation events"
time=2026-01-18T10:06:13.392+01:00 level=INFO msg="Starting %s..." !BADKEY=export
time=2026-01-18T10:06:13.392+01:00 level=INFO msg="Pre-export validation failed: %v" !BADKEY="refusing to export: JSONL content has changed since last import (import first to avoid data loss)"
time=2026-01-18T10:06:20.685+01:00 level=INFO msg="Mutation detected: %s %s" update=vex-nim-xmg
time=2026-01-18T10:06:21.088+01:00 level=INFO msg="Mutation detected: %s %s" update=vex-nim-tg8
time=2026-01-18T10:06:21.589+01:00 level=INFO msg="Export triggered by mutation events"
time=2026-01-18T10:06:21.589+01:00 level=INFO msg="Starting %s..." !BADKEY=export
time=2026-01-18T10:06:21.590+01:00 level=INFO msg="Pre-export validation failed: %v" !BADKEY="refusing to export: JSONL content has changed since last import (import first to avoid data loss)"
time=2026-01-18T10:06:22.010+01:00 level=INFO msg="Mutation detected: %s %s" update=vex-nim-7xa
time=2026-01-18T10:06:22.313+01:00 level=INFO msg="Mutation detected: %s %s" update=vex-nim-6u0
time=2026-01-18T10:06:22.815+01:00 level=INFO msg="Export triggered by mutation events"
time=2026-01-18T10:06:22.815+01:00 level=INFO msg="Starting %s..." !BADKEY=export
time=2026-01-18T10:06:22.816+01:00 level=INFO msg="Pre-export validation failed: %v" !BADKEY="refusing to export: JSONL content has changed since last import (import first to avoid data loss)"
time=2026-01-18T10:06:22.926+01:00 level=INFO msg="Mutation detected: %s %s" update=vex-nim-jcg
time=2026-01-18T10:06:23.427+01:00 level=INFO msg="Export triggered by mutation events"
time=2026-01-18T10:06:23.427+01:00 level=INFO msg="Starting %s..." !BADKEY=export
time=2026-01-18T10:06:23.427+01:00 level=INFO msg="Pre-export validation failed: %v" !BADKEY="refusing to export: JSONL content has changed since last import (import first to avoid data loss)"
time=2026-01-18T10:06:23.764+01:00 level=INFO msg="Mutation detected: %s %s" update=vex-nim-1cq
time=2026-01-18T10:06:24.160+01:00 level=INFO msg="Mutation detected: %s %s" update=vex-nim-2v4
time=2026-01-18T10:06:24.462+01:00 level=INFO msg="Mutation detected: %s %s" update=vex-nim-h6h
time=2026-01-18T10:06:24.963+01:00 level=INFO msg="Export triggered by mutation events"
time=2026-01-18T10:06:24.963+01:00 level=INFO msg="Starting %s..." !BADKEY=export
time=2026-01-18T10:06:24.963+01:00 level=INFO msg="Pre-export validation failed: %v" !BADKEY="refusing to export: JSONL content has changed since last import (import first to avoid data loss)"
time=2026-01-18T10:06:25.235+01:00 level=INFO msg="Mutation detected: %s %s" update=vex-nim-1pt
time=2026-01-18T10:06:25.611+01:00 level=INFO msg="Mutation detected: %s %s" update=vex-nim-ynp
time=2026-01-18T10:06:26.112+01:00 level=INFO msg="Export triggered by mutation events"
time=2026-01-18T10:06:26.112+01:00 level=INFO msg="Starting %s..." !BADKEY=export
time=2026-01-18T10:06:26.112+01:00 level=INFO msg="Pre-export validation failed: %v" !BADKEY="refusing to export: JSONL content has changed since last import (import first to avoid data loss)"
time=2026-01-18T10:15:34.251+01:00 level=INFO msg="Mutation detected: %s %s" status=vex-nim-xmg
time=2026-01-18T10:15:34.751+01:00 level=INFO msg="Export triggered by mutation events"
time=2026-01-18T10:15:34.751+01:00 level=INFO msg="Starting %s..." !BADKEY=export
time=2026-01-18T10:15:34.751+01:00 level=INFO msg="Pre-export validation failed: %v" !BADKEY="refusing to export: JSONL content has changed since last import (import first to avoid data loss)"
time=2026-01-18T10:15:35.376+01:00 level=INFO msg="Mutation detected: %s %s" status=vex-nim-tg8
time=2026-01-18T10:15:35.410+01:00 level=INFO msg="Mutation detected: %s %s" status=vex-nim-7xa
time=2026-01-18T10:15:35.911+01:00 level=INFO msg="Export triggered by mutation events"
time=2026-01-18T10:15:35.911+01:00 level=INFO msg="Starting %s..." !BADKEY=export
time=2026-01-18T10:15:35.911+01:00 level=INFO msg="Pre-export validation failed: %v" !BADKEY="refusing to export: JSONL content has changed since last import (import first to avoid data loss)"
time=2026-01-18T10:15:36.512+01:00 level=INFO msg="Mutation detected: %s %s" status=vex-nim-6u0
time=2026-01-18T10:15:37.013+01:00 level=INFO msg="Export triggered by mutation events"
time=2026-01-18T10:15:37.013+01:00 level=INFO msg="Starting %s..." !BADKEY=export
time=2026-01-18T10:15:37.014+01:00 level=INFO msg="Pre-export validation failed: %v" !BADKEY="refusing to export: JSONL content has changed since last import (import first to avoid data loss)"
time=2026-01-18T10:15:37.331+01:00 level=INFO msg="Mutation detected: %s %s" status=vex-nim-jcg
time=2026-01-18T10:15:37.723+01:00 level=INFO msg="Mutation detected: %s %s" status=vex-nim-1cq
time=2026-01-18T10:15:38.223+01:00 level=INFO msg="Export triggered by mutation events"
time=2026-01-18T10:15:38.223+01:00 level=INFO msg="Starting %s..." !BADKEY=export
time=2026-01-18T10:15:38.224+01:00 level=INFO msg="Pre-export validation failed: %v" !BADKEY="refusing to export: JSONL content has changed since last import (import first to avoid data loss)"
time=2026-01-18T10:15:38.496+01:00 level=INFO msg="Mutation detected: %s %s" status=vex-nim-2v4
time=2026-01-18T10:15:38.987+01:00 level=INFO msg="Mutation detected: %s %s" status=vex-nim-h6h
time=2026-01-18T10:15:39.488+01:00 level=INFO msg="Export triggered by mutation events"
time=2026-01-18T10:15:39.488+01:00 level=INFO msg="Starting %s..." !BADKEY=export
time=2026-01-18T10:15:39.488+01:00 level=INFO msg="Pre-export validation failed: %v" !BADKEY="refusing to export: JSONL content has changed since last import (import first to avoid data loss)"
time=2026-01-18T10:15:39.694+01:00 level=INFO msg="Mutation detected: %s %s" status=vex-nim-1pt
time=2026-01-18T10:15:40.195+01:00 level=INFO msg="Export triggered by mutation events"
time=2026-01-18T10:15:40.195+01:00 level=INFO msg="Starting %s..." !BADKEY=export
time=2026-01-18T10:15:40.196+01:00 level=INFO msg="Pre-export validation failed: %v" !BADKEY="refusing to export: JSONL content has changed since last import (import first to avoid data loss)"
time=2026-01-18T10:15:40.206+01:00 level=INFO msg="Mutation detected: %s %s" status=vex-nim-ynp
time=2026-01-18T10:15:40.706+01:00 level=INFO msg="Export triggered by mutation events"
time=2026-01-18T10:15:40.707+01:00 level=INFO msg="Starting %s..." !BADKEY=export
time=2026-01-18T10:15:40.707+01:00 level=INFO msg="Pre-export validation failed: %v" !BADKEY="refusing to export: JSONL content has changed since last import (import first to avoid data loss)"
time=2026-01-18T10:15:44.402+01:00 level=INFO msg="Mutation detected: %s %s" create=vex-nim-hye
time=2026-01-18T10:15:44.896+01:00 level=INFO msg="Mutation detected: %s %s" create=vex-nim-c7t
time=2026-01-18T10:15:45.397+01:00 level=INFO msg="Export triggered by mutation events"
time=2026-01-18T10:15:45.397+01:00 level=INFO msg="Starting %s..." !BADKEY=export
time=2026-01-18T10:15:45.397+01:00 level=INFO msg="Pre-export validation failed: %v" !BADKEY="refusing to export: JSONL content has changed since last import (import first to avoid data loss)"
time=2026-01-18T10:15:53.642+01:00 level=INFO msg="Mutation detected: %s %s" create=vex-nim-irc
time=2026-01-18T10:15:54.121+01:00 level=INFO msg="Mutation detected: %s %s" create=vex-nim-s05
time=2026-01-18T10:15:54.622+01:00 level=INFO msg="Export triggered by mutation events"
time=2026-01-18T10:15:54.622+01:00 level=INFO msg="Starting %s..." !BADKEY=export
time=2026-01-18T10:15:54.622+01:00 level=INFO msg="Pre-export validation failed: %v" !BADKEY="refusing to export: JSONL content has changed since last import (import first to avoid data loss)"
time=2026-01-18T10:15:54.936+01:00 level=INFO msg="Mutation detected: %s %s" create=vex-nim-3y4
time=2026-01-18T10:15:55.348+01:00 level=INFO msg="Mutation detected: %s %s" create=vex-nim-c4b
time=2026-01-18T10:15:55.849+01:00 level=INFO msg="Export triggered by mutation events"
time=2026-01-18T10:15:55.849+01:00 level=INFO msg="Starting %s..." !BADKEY=export
time=2026-01-18T10:15:55.849+01:00 level=INFO msg="Pre-export validation failed: %v" !BADKEY="refusing to export: JSONL content has changed since last import (import first to avoid data loss)"
time=2026-01-18T10:15:56.581+01:00 level=INFO msg="Mutation detected: %s %s" create=vex-nim-4ye
time=2026-01-18T10:15:56.993+01:00 level=INFO msg="Mutation detected: %s %s" create=vex-nim-ptu
time=2026-01-18T10:15:57.494+01:00 level=INFO msg="Export triggered by mutation events"
time=2026-01-18T10:15:57.494+01:00 level=INFO msg="Starting %s..." !BADKEY=export
time=2026-01-18T10:15:57.494+01:00 level=INFO msg="Pre-export validation failed: %v" !BADKEY="refusing to export: JSONL content has changed since last import (import first to avoid data loss)"
time=2026-01-18T10:15:57.708+01:00 level=INFO msg="Mutation detected: %s %s" create=vex-nim-43b
time=2026-01-18T10:15:58.113+01:00 level=INFO msg="Mutation detected: %s %s" create=vex-nim-tyq
time=2026-01-18T10:15:58.512+01:00 level=INFO msg="Mutation detected: %s %s" create=vex-nim-3kz
time=2026-01-18T10:15:59.004+01:00 level=INFO msg="Mutation detected: %s %s" create=vex-nim-qum
time=2026-01-18T10:15:59.505+01:00 level=INFO msg="Export triggered by mutation events"
time=2026-01-18T10:15:59.505+01:00 level=INFO msg="Starting %s..." !BADKEY=export
time=2026-01-18T10:15:59.507+01:00 level=INFO msg="Pre-export validation failed: %v" !BADKEY="refusing to export: JSONL content has changed since last import (import first to avoid data loss)"
time=2026-01-18T10:16:02.895+01:00 level=INFO msg="Mutation detected: %s %s" create=vex-nim-qwh
time=2026-01-18T10:16:03.240+01:00 level=INFO msg="Mutation detected: %s %s" create=vex-nim-jyv
time=2026-01-18T10:16:03.740+01:00 level=INFO msg="Export triggered by mutation events"
time=2026-01-18T10:16:03.741+01:00 level=INFO msg="Starting %s..." !BADKEY=export
time=2026-01-18T10:16:03.741+01:00 level=INFO msg="Pre-export validation failed: %v" !BADKEY="refusing to export: JSONL content has changed since last import (import first to avoid data loss)"
time=2026-01-18T10:16:03.785+01:00 level=INFO msg="Mutation detected: %s %s" create=vex-nim-hnl
time=2026-01-18T10:16:04.283+01:00 level=INFO msg="Mutation detected: %s %s" create=vex-nim-38v
time=2026-01-18T10:16:04.785+01:00 level=INFO msg="Export triggered by mutation events"
time=2026-01-18T10:16:04.785+01:00 level=INFO msg="Starting %s..." !BADKEY=export
time=2026-01-18T10:16:04.786+01:00 level=INFO msg="Pre-export validation failed: %v" !BADKEY="refusing to export: JSONL content has changed since last import (import first to avoid data loss)"
time=2026-01-18T10:16:05.391+01:00 level=INFO msg="Mutation detected: %s %s" create=vex-nim-6xm
time=2026-01-18T10:16:05.797+01:00 level=INFO msg="Mutation detected: %s %s" create=vex-nim-p7u
time=2026-01-18T10:16:06.298+01:00 level=INFO msg="Export triggered by mutation events"
time=2026-01-18T10:16:06.299+01:00 level=INFO msg="Starting %s..." !BADKEY=export
time=2026-01-18T10:16:06.299+01:00 level=INFO msg="Pre-export validation failed: %v" !BADKEY="refusing to export: JSONL content has changed since last import (import first to avoid data loss)"
time=2026-01-18T10:16:06.598+01:00 level=INFO msg="Mutation detected: %s %s" create=vex-nim-5yh
time=2026-01-18T10:16:07.098+01:00 level=INFO msg="Export triggered by mutation events"
time=2026-01-18T10:16:07.098+01:00 level=INFO msg="Starting %s..." !BADKEY=export
time=2026-01-18T10:16:07.099+01:00 level=INFO msg="Pre-export validation failed: %v" !BADKEY="refusing to export: JSONL content has changed since last import (import first to avoid data loss)"
time=2026-01-18T10:16:07.357+01:00 level=INFO msg="Mutation detected: %s %s" create=vex-nim-5az
time=2026-01-18T10:16:07.858+01:00 level=INFO msg="Export triggered by mutation events"
time=2026-01-18T10:16:07.858+01:00 level=INFO msg="Starting %s..." !BADKEY=export
time=2026-01-18T10:16:07.858+01:00 level=INFO msg="Pre-export validation failed: %v" !BADKEY="refusing to export: JSONL content has changed since last import (import first to avoid data loss)"
time=2026-01-18T10:16:07.962+01:00 level=INFO msg="Mutation detected: %s %s" create=vex-nim-3wt
time=2026-01-18T10:16:08.180+01:00 level=INFO msg="Mutation detected: %s %s" create=vex-nim-slq
time=2026-01-18T10:16:08.680+01:00 level=INFO msg="Export triggered by mutation events"
time=2026-01-18T10:16:08.680+01:00 level=INFO msg="Starting %s..." !BADKEY=export
time=2026-01-18T10:16:08.681+01:00 level=INFO msg="Pre-export validation failed: %v" !BADKEY="refusing to export: JSONL content has changed since last import (import first to avoid data loss)"
time=2026-01-18T10:16:11.502+01:00 level=INFO msg="JSONL file created: %s" !BADKEY=/home/mihai/personal/vex-nim/.beads/issues.jsonl
time=2026-01-18T10:16:11.502+01:00 level=INFO msg="File change detected: %s" !BADKEY=/home/mihai/personal/vex-nim/.beads/issues.jsonl
time=2026-01-18T10:16:12.505+01:00 level=INFO msg="Import triggered by file change"
time=2026-01-18T10:16:12.505+01:00 level=INFO msg="Starting %s..." !BADKEY=auto-import
time=2026-01-18T10:16:12.505+01:00 level=INFO msg="JSONL content changed, proceeding with %s..." !BADKEY=auto-import
time=2026-01-18T10:16:12.508+01:00 level=INFO msg="⚠️  WARNING: Uncommitted local changes detected in %s" !BADKEY=/home/mihai/personal/vex-nim/.beads/issues.jsonl
time=2026-01-18T10:16:12.508+01:00 level=INFO msg="   Pulling from remote may overwrite local unpushed changes."
time=2026-01-18T10:16:12.508+01:00 level=INFO msg="   Consider running 'bd sync' to commit and push your changes first."
time=2026-01-18T10:16:12.881+01:00 level=INFO msg="JSONL file created: %s" !BADKEY=/home/mihai/personal/vex-nim/.beads/issues.jsonl
time=2026-01-18T10:16:12.990+01:00 level=INFO msg="JSONL file created: %s" !BADKEY=/home/mihai/personal/vex-nim/.beads/issues.jsonl
time=2026-01-18T10:16:12.990+01:00 level=INFO msg="File change detected: %s" !BADKEY=/home/mihai/personal/vex-nim/.beads/issues.jsonl
time=2026-01-18T10:16:13.903+01:00 level=INFO msg="Pulled from remote"
time=2026-01-18T10:16:13.918+01:00 level=INFO msg="Imported from JSONL"
time=2026-01-18T10:16:13.919+01:00 level=INFO msg="Auto-import complete"
time=2026-01-18T10:16:13.991+01:00 level=INFO msg="Import triggered by file change"
time=2026-01-18T10:16:13.992+01:00 level=INFO msg="Starting %s..." !BADKEY=auto-import
time=2026-01-18T10:16:13.992+01:00 level=INFO msg="JSONL content changed, proceeding with %s..." !BADKEY=auto-import
time=2026-01-18T10:16:13.994+01:00 level=INFO msg="⚠️  WARNING: Uncommitted local changes detected in %s" !BADKEY=/home/mihai/personal/vex-nim/.beads/issues.jsonl
time=2026-01-18T10:16:13.995+01:00 level=INFO msg="   Pulling from remote may overwrite local unpushed changes."
time=2026-01-18T10:16:13.995+01:00 level=INFO msg="   Consider running 'bd sync' to commit and push your changes first."
time=2026-01-18T10:16:15.439+01:00 level=INFO msg="Pulled from remote"
time=2026-01-18T10:16:15.447+01:00 level=INFO msg="Imported from JSONL"
time=2026-01-18T10:16:15.447+01:00 level=INFO msg="Auto-import complete"
time=2026-01-18T10:16:33.882+01:00 level=INFO msg="JSONL file created: %s" !BADKEY=/home/mihai/personal/vex-nim/.beads/issues.jsonl
time=2026-01-18T10:16:33.882+01:00 level=INFO msg="File change detected: %s" !BADKEY=/home/mihai/personal/vex-nim/.beads/issues.jsonl
time=2026-01-18T10:16:34.884+01:00 level=INFO msg="Import triggered by file change"
time=2026-01-18T10:16:34.884+01:00 level=INFO msg="Starting %s..." !BADKEY=auto-import
time=2026-01-18T10:16:34.886+01:00 level=INFO msg="Skipping %s: JSONL content unchanged" !BADKEY=auto-import
time=2026-01-18T10:16:35.422+01:00 level=INFO msg="JSONL file created: %s" !BADKEY=/home/mihai/personal/vex-nim/.beads/issues.jsonl
time=2026-01-18T10:16:35.544+01:00 level=INFO msg="JSONL file created: %s" !BADKEY=/home/mihai/personal/vex-nim/.beads/issues.jsonl
time=2026-01-18T10:16:35.544+01:00 level=INFO msg="File change detected: %s" !BADKEY=/home/mihai/personal/vex-nim/.beads/issues.jsonl
time=2026-01-18T10:16:36.546+01:00 level=INFO msg="Import triggered by file change"
time=2026-01-18T10:16:36.546+01:00 level=INFO msg="Starting %s..." !BADKEY=auto-import
time=2026-01-18T10:16:36.546+01:00 level=INFO msg="JSONL content changed, proceeding with %s..." !BADKEY=auto-import
time=2026-01-18T10:16:36.549+01:00 level=INFO msg="⚠️  WARNING: Uncommitted local changes detected in %s" !BADKEY=/home/mihai/personal/vex-nim/.beads/issues.jsonl
time=2026-01-18T10:16:36.549+01:00 level=INFO msg="   Pulling from remote may overwrite local unpushed changes."
time=2026-01-18T10:16:36.549+01:00 level=INFO msg="   Consider running 'bd sync' to commit and push your changes first."
time=2026-01-18T10:16:38.187+01:00 level=INFO msg="Pulled from remote"
time=2026-01-18T10:16:38.199+01:00 level=INFO msg="Imported from JSONL"
time=2026-01-18T10:16:38.200+01:00 level=INFO msg="Auto-import complete"
time=2026-01-18T10:16:55.279+01:00 level=INFO msg="JSONL file created: %s" !BADKEY=/home/mihai/personal/vex-nim/.beads/issues.jsonl
time=2026-01-18T10:16:55.279+01:00 level=INFO msg="File change detected: %s" !BADKEY=/home/mihai/personal/vex-nim/.beads/issues.jsonl
time=2026-01-18T10:16:55.349+01:00 level=INFO msg="Git ref change detected: %s" !BADKEY=/home/mihai/personal/vex-nim/.git/refs/heads/main.lock
time=2026-01-18T10:16:56.351+01:00 level=INFO msg="Import triggered by file change"
time=2026-01-18T10:16:56.351+01:00 level=INFO msg="Starting %s..." !BADKEY=auto-import
time=2026-01-18T10:16:56.354+01:00 level=INFO msg="Skipping %s: JSONL content unchanged" !BADKEY=auto-import
time=2026-01-18T10:16:59.494+01:00 level=INFO msg="JSONL file created: %s" !BADKEY=/home/mihai/personal/vex-nim/.beads/issues.jsonl
time=2026-01-18T10:16:59.494+01:00 level=INFO msg="File change detected: %s" !BADKEY=/home/mihai/personal/vex-nim/.beads/issues.jsonl
time=2026-01-18T10:17:00.496+01:00 level=INFO msg="Import triggered by file change"
time=2026-01-18T10:17:00.496+01:00 level=INFO msg="Starting %s..." !BADKEY=auto-import
time=2026-01-18T10:17:00.497+01:00 level=INFO msg="Skipping %s: JSONL content unchanged" !BADKEY=auto-import
time=2026-01-18T10:17:19.512+01:00 level=INFO msg="JSONL file created: %s" !BADKEY=/home/mihai/personal/vex-nim/.beads/issues.jsonl
time=2026-01-18T10:17:19.626+01:00 level=INFO msg="JSONL file created: %s" !BADKEY=/home/mihai/personal/vex-nim/.beads/issues.jsonl
time=2026-01-18T10:17:19.626+01:00 level=INFO msg="File change detected: %s" !BADKEY=/home/mihai/personal/vex-nim/.beads/issues.jsonl
time=2026-01-18T10:17:20.627+01:00 level=INFO msg="Import triggered by file change"
time=2026-01-18T10:17:20.627+01:00 level=INFO msg="Starting %s..." !BADKEY=auto-import
time=2026-01-18T10:17:20.627+01:00 level=INFO msg="JSONL content changed, proceeding with %s..." !BADKEY=auto-import
time=2026-01-18T10:17:22.059+01:00 level=INFO msg="Pulled from remote"
time=2026-01-18T10:17:22.066+01:00 level=INFO msg="Imported from JSONL"
time=2026-01-18T10:17:22.067+01:00 level=INFO msg="Auto-import complete"
time=2026-01-18T10:17:24.989+01:00 level=INFO msg="JSONL file created: %s" !BADKEY=/home/mihai/personal/vex-nim/.beads/issues.jsonl
time=2026-01-18T10:17:24.989+01:00 level=INFO msg="File change detected: %s" !BADKEY=/home/mihai/personal/vex-nim/.beads/issues.jsonl
time=2026-01-18T10:17:25.991+01:00 level=INFO msg="Import triggered by file change"
time=2026-01-18T10:17:25.991+01:00 level=INFO msg="Starting %s..." !BADKEY=auto-import
time=2026-01-18T10:17:25.992+01:00 level=INFO msg="Skipping %s: JSONL content unchanged" !BADKEY=auto-import
time=2026-01-18T10:33:06.414+01:00 level=INFO msg="Mutation detected: %s %s" status=vex-nim-7gh
time=2026-01-18T10:33:06.915+01:00 level=INFO msg="Export triggered by mutation events"
time=2026-01-18T10:33:06.915+01:00 level=INFO msg="Starting %s..." !BADKEY=export
time=2026-01-18T10:33:06.918+01:00 level=INFO msg="Exported to JSONL"
time=2026-01-18T10:33:06.918+01:00 level=INFO msg="Export complete"
time=2026-01-18T10:33:06.918+01:00 level=INFO msg="JSONL file created: %s" !BADKEY=/home/mihai/personal/vex-nim/.beads/issues.jsonl
time=2026-01-18T10:33:06.918+01:00 level=INFO msg="File change detected: %s" !BADKEY=/home/mihai/personal/vex-nim/.beads/issues.jsonl
time=2026-01-18T10:33:07.919+01:00 level=INFO msg="Import triggered by file change"
time=2026-01-18T10:33:07.919+01:00 level=INFO msg="Starting %s..." !BADKEY=auto-import
time=2026-01-18T10:33:07.919+01:00 level=INFO msg="JSONL content changed, proceeding with %s..." !BADKEY=auto-import
time=2026-01-18T10:33:07.921+01:00 level=INFO msg="⚠️  WARNING: Uncommitted local changes detected in %s" !BADKEY=/home/mihai/personal/vex-nim/.beads/issues.jsonl
time=2026-01-18T10:33:07.921+01:00 level=INFO msg="   Pulling from remote may overwrite local unpushed changes."
time=2026-01-18T10:33:07.921+01:00 level=INFO msg="   Consider running 'bd sync' to commit and push your changes first."
time=2026-01-18T10:33:09.357+01:00 level=INFO msg="Pulled from remote"
time=2026-01-18T10:33:09.376+01:00 level=INFO msg="Imported from JSONL"
time=2026-01-18T10:33:09.378+01:00 level=INFO msg="Auto-import complete"
time=2026-01-18T10:36:45.680+01:00 level=INFO msg="Mutation detected: %s %s" status=vex-nim-hye
time=2026-01-18T10:36:46.181+01:00 level=INFO msg="Export triggered by mutation events"
time=2026-01-18T10:36:46.181+01:00 level=INFO msg="Starting %s..." !BADKEY=export
time=2026-01-18T10:36:46.181+01:00 level=INFO msg="Pre-export validation failed: %v" !BADKEY="refusing to export: JSONL content has changed since last import (import first to avoid data loss)"
time=2026-01-18T10:37:29.024+01:00 level=INFO msg="Mutation detected: %s %s" status=vex-nim-c7t
time=2026-01-18T10:37:29.525+01:00 level=INFO msg="Export triggered by mutation events"
time=2026-01-18T10:37:29.525+01:00 level=INFO msg="Starting %s..." !BADKEY=export
time=2026-01-18T10:37:29.526+01:00 level=INFO msg="Pre-export validation failed: %v" !BADKEY="refusing to export: JSONL content has changed since last import (import first to avoid data loss)"
time=2026-01-18T10:38:32.134+01:00 level=INFO msg="JSONL file created: %s" !BADKEY=/home/mihai/personal/vex-nim/.beads/issues.jsonl
time=2026-01-18T10:38:32.134+01:00 level=INFO msg="File change detected: %s" !BADKEY=/home/mihai/personal/vex-nim/.beads/issues.jsonl
time=2026-01-18T10:38:32.178+01:00 level=INFO msg="Git ref change detected: %s" !BADKEY=/home/mihai/personal/vex-nim/.git/refs/heads/main.lock
time=2026-01-18T10:38:33.179+01:00 level=INFO msg="Import triggered by file change"
time=2026-01-18T10:38:33.179+01:00 level=INFO msg="Starting %s..." !BADKEY=auto-import
time=2026-01-18T10:38:33.180+01:00 level=INFO msg="Skipping %s: JSONL content unchanged" !BADKEY=auto-import
time=2026-01-18T10:38:36.940+01:00 level=INFO msg="JSONL file created: %s" !BADKEY=/home/mihai/personal/vex-nim/.beads/issues.jsonl
time=2026-01-18T10:38:37.013+01:00 level=INFO msg="JSONL file created: %s" !BADKEY=/home/mihai/personal/vex-nim/.beads/issues.jsonl
time=2026-01-18T10:38:37.013+01:00 level=INFO msg="File change detected: %s" !BADKEY=/home/mihai/personal/vex-nim/.beads/issues.jsonl
time=2026-01-18T10:38:38.014+01:00 level=INFO msg="Import triggered by file change"
time=2026-01-18T10:38:38.014+01:00 level=INFO msg="Starting %s..." !BADKEY=auto-import
time=2026-01-18T10:38:38.014+01:00 level=INFO msg="JSONL content changed, proceeding with %s..." !BADKEY=auto-import
time=2026-01-18T10:38:39.540+01:00 level=INFO msg="Pulled from remote"
time=2026-01-18T10:38:39.552+01:00 level=INFO msg="Imported from JSONL"
time=2026-01-18T10:38:39.552+01:00 level=INFO msg="Auto-import complete"
time=2026-01-18T10:38:43.674+01:00 level=INFO msg="JSONL file created: %s" !BADKEY=/home/mihai/personal/vex-nim/.beads/issues.jsonl
time=2026-01-18T10:38:43.674+01:00 level=INFO msg="File change detected: %s" !BADKEY=/home/mihai/personal/vex-nim/.beads/issues.jsonl
time=2026-01-18T10:38:44.675+01:00 level=INFO msg="Import triggered by file change"
time=2026-01-18T10:38:44.675+01:00 level=INFO msg="Starting %s..." !BADKEY=auto-import
time=2026-01-18T10:38:44.676+01:00 level=INFO msg="Skipping %s: JSONL content unchanged" !BADKEY=auto-import
time=2026-01-18T10:38:47.325+01:00 level=INFO msg="Mutation detected: %s %s" status=vex-nim-7gh
time=2026-01-18T10:38:47.329+01:00 level=INFO msg="Mutation detected: %s %s" status=vex-nim-hye
time=2026-01-18T10:38:47.332+01:00 level=INFO msg="Mutation detected: %s %s" status=vex-nim-c7t
time=2026-01-18T10:38:47.832+01:00 level=INFO msg="Export triggered by mutation events"
time=2026-01-18T10:38:47.832+01:00 level=INFO msg="Starting %s..." !BADKEY=export
time=2026-01-18T10:38:47.838+01:00 level=INFO msg="Exported to JSONL"
time=2026-01-18T10:38:47.838+01:00 level=INFO msg="Export complete"
time=2026-01-18T10:38:47.838+01:00 level=INFO msg="JSONL file created: %s" !BADKEY=/home/mihai/personal/vex-nim/.beads/issues.jsonl
time=2026-01-18T10:38:48.839+01:00 level=INFO msg="Import triggered by file change"
time=2026-01-18T10:38:48.839+01:00 level=INFO msg="Starting %s..." !BADKEY=auto-import
time=2026-01-18T10:38:48.839+01:00 level=INFO msg="JSONL content changed, proceeding with %s..." !BADKEY=auto-import
time=2026-01-18T10:38:48.841+01:00 level=INFO msg="⚠️  WARNING: Uncommitted local changes detected in %s" !BADKEY=/home/mihai/personal/vex-nim/.beads/issues.jsonl
time=2026-01-18T10:38:48.841+01:00 level=INFO msg="   Pulling from remote may overwrite local unpushed changes."
time=2026-01-18T10:38:48.841+01:00 level=INFO msg="   Consider running 'bd sync' to commit and push your changes first."
time=2026-01-18T10:38:50.397+01:00 level=INFO msg="Pulled from remote"
time=2026-01-18T10:38:50.414+01:00 level=INFO msg="Imported from JSONL"
time=2026-01-18T10:38:50.420+01:00 level=INFO msg="Auto-import complete"
time=2026-01-18T10:38:51.274+01:00 level=INFO msg="JSONL file created: %s" !BADKEY=/home/mihai/personal/vex-nim/.beads/issues.jsonl
time=2026-01-18T10:38:51.274+01:00 level=INFO msg="File change detected: %s" !BADKEY=/home/mihai/personal/vex-nim/.beads/issues.jsonl
time=2026-01-18T10:38:52.275+01:00 level=INFO msg="Import triggered by file change"
time=2026-01-18T10:38:52.275+01:00 level=INFO msg="Starting %s..." !BADKEY=auto-import
time=2026-01-18T10:38:52.276+01:00 level=INFO msg="Skipping %s: JSONL content unchanged" !BADKEY=auto-import
time=2026-01-18T10:38:52.738+01:00 level=INFO msg="JSONL file created: %s" !BADKEY=/home/mihai/personal/vex-nim/.beads/issues.jsonl
time=2026-01-18T10:38:52.847+01:00 level=INFO msg="JSONL file created: %s" !BADKEY=/home/mihai/personal/vex-nim/.beads/issues.jsonl
time=2026-01-18T10:38:52.847+01:00 level=INFO msg="File change detected: %s" !BADKEY=/home/mihai/personal/vex-nim/.beads/issues.jsonl
time=2026-01-18T10:38:53.848+01:00 level=INFO msg="Import triggered by file change"
time=2026-01-18T10:38:53.848+01:00 level=INFO msg="Starting %s..." !BADKEY=auto-import
time=2026-01-18T10:38:53.849+01:00 level=INFO msg="JSONL content changed, proceeding with %s..." !BADKEY=auto-import
time=2026-01-18T10:38:53.853+01:00 level=INFO msg="⚠️  WARNING: Uncommitted local changes detected in %s" !BADKEY=/home/mihai/personal/vex-nim/.beads/issues.jsonl
time=2026-01-18T10:38:53.853+01:00 level=INFO msg="   Pulling from remote may overwrite local unpushed changes."
time=2026-01-18T10:38:53.853+01:00 level=INFO msg="   Consider running 'bd sync' to commit and push your changes first."
time=2026-01-18T10:38:55.476+01:00 level=INFO msg="Pulled from remote"
time=2026-01-18T10:38:55.481+01:00 level=INFO msg="Imported from JSONL"
time=2026-01-18T10:38:55.482+01:00 level=INFO msg="Auto-import complete"
time=2026-01-18T10:38:56.915+01:00 level=INFO msg="JSONL file created: %s" !BADKEY=/home/mihai/personal/vex-nim/.beads/issues.jsonl
time=2026-01-18T10:38:56.915+01:00 level=INFO msg="File change detected: %s" !BADKEY=/home/mihai/personal/vex-nim/.beads/issues.jsonl
time=2026-01-18T10:38:56.956+01:00 level=INFO msg="Git ref change detected: %s" !BADKEY=/home/mihai/personal/vex-nim/.git/refs/heads/main.lock
time=2026-01-18T10:38:57.958+01:00 level=INFO msg="Import triggered by file change"
time=2026-01-18T10:38:57.958+01:00 level=INFO msg="Starting %s..." !BADKEY=auto-import
time=2026-01-18T10:38:57.960+01:00 level=INFO msg="Skipping %s: JSONL content unchanged" !BADKEY=auto-import
time=2026-01-18T10:38:58.445+01:00 level=INFO msg="JSONL file created: %s" !BADKEY=/home/mihai/personal/vex-nim/.beads/issues.jsonl
time=2026-01-18T10:38:58.445+01:00 level=INFO msg="File change detected: %s" !BADKEY=/home/mihai/personal/vex-nim/.beads/issues.jsonl
time=2026-01-18T10:38:59.446+01:00 level=INFO msg="Import triggered by file change"
time=2026-01-18T10:38:59.447+01:00 level=INFO msg="Starting %s..." !BADKEY=auto-import
time=2026-01-18T10:38:59.449+01:00 level=INFO msg="Skipping %s: JSONL content unchanged" !BADKEY=auto-import
time=2026-01-18T10:42:05.186+01:00 level=INFO msg="JSONL file created: %s" !BADKEY=/home/mihai/personal/vex-nim/.beads/issues.jsonl
time=2026-01-18T10:42:05.186+01:00 level=INFO msg="File change detected: %s" !BADKEY=/home/mihai/personal/vex-nim/.beads/issues.jsonl
time=2026-01-18T10:42:06.188+01:00 level=INFO msg="Import triggered by file change"
time=2026-01-18T10:42:06.188+01:00 level=INFO msg="Starting %s..." !BADKEY=auto-import
time=2026-01-18T10:42:06.189+01:00 level=INFO msg="Skipping %s: JSONL content unchanged" !BADKEY=auto-import
time=2026-01-18T10:43:31.776+01:00 level=INFO msg="JSONL file created: %s" !BADKEY=/home/mihai/personal/vex-nim/.beads/issues.jsonl
time=2026-01-18T10:43:31.776+01:00 level=INFO msg="File change detected: %s" !BADKEY=/home/mihai/personal/vex-nim/.beads/issues.jsonl
time=2026-01-18T10:43:31.843+01:00 level=INFO msg="Git ref change detected: %s" !BADKEY=/home/mihai/personal/vex-nim/.git/refs/heads/main.lock
time=2026-01-18T10:43:32.845+01:00 level=INFO msg="Import triggered by file change"
time=2026-01-18T10:43:32.845+01:00 level=INFO msg="Starting %s..." !BADKEY=auto-import
time=2026-01-18T10:43:32.846+01:00 level=INFO msg="Skipping %s: JSONL content unchanged" !BADKEY=auto-import
time=2026-01-18T10:43:38.651+01:00 level=INFO msg="Mutation detected: %s %s" status=vex-nim-iww
time=2026-01-18T10:43:39.152+01:00 level=INFO msg="Export triggered by mutation events"
time=2026-01-18T10:43:39.152+01:00 level=INFO msg="Starting %s..." !BADKEY=export
time=2026-01-18T10:43:39.158+01:00 level=INFO msg="Exported to JSONL"
time=2026-01-18T10:43:39.158+01:00 level=INFO msg="Export complete"
time=2026-01-18T10:43:39.158+01:00 level=INFO msg="JSONL file created: %s" !BADKEY=/home/mihai/personal/vex-nim/.beads/issues.jsonl
time=2026-01-18T10:43:40.159+01:00 level=INFO msg="Import triggered by file change"
time=2026-01-18T10:43:40.159+01:00 level=INFO msg="Starting %s..." !BADKEY=auto-import
time=2026-01-18T10:43:40.159+01:00 level=INFO msg="JSONL content changed, proceeding with %s..." !BADKEY=auto-import
time=2026-01-18T10:43:40.162+01:00 level=INFO msg="⚠️  WARNING: Uncommitted local changes detected in %s" !BADKEY=/home/mihai/personal/vex-nim/.beads/issues.jsonl
time=2026-01-18T10:43:40.162+01:00 level=INFO msg="   Pulling from remote may overwrite local unpushed changes."
time=2026-01-18T10:43:40.162+01:00 level=INFO msg="   Consider running 'bd sync' to commit and push your changes first."
time=2026-01-18T10:43:41.324+01:00 level=INFO msg="JSONL file created: %s" !BADKEY=/home/mihai/personal/vex-nim/.beads/issues.jsonl
time=2026-01-18T10:43:41.324+01:00 level=INFO msg="File change detected: %s" !BADKEY=/home/mihai/personal/vex-nim/.beads/issues.jsonl
time=2026-01-18T10:43:41.525+01:00 level=INFO msg="Pulled from remote"
time=2026-01-18T10:43:41.540+01:00 level=INFO msg="Imported from JSONL"
time=2026-01-18T10:43:41.541+01:00 level=INFO msg="Auto-import complete"
time=2026-01-18T10:43:42.326+01:00 level=INFO msg="Import triggered by file change"
time=2026-01-18T10:43:42.326+01:00 level=INFO msg="Starting %s..." !BADKEY=auto-import
time=2026-01-18T10:43:42.326+01:00 level=INFO msg="Skipping %s: JSONL content unchanged" !BADKEY=auto-import
time=2026-01-18T10:46:03.943+01:00 level=INFO msg="JSONL file created: %s" !BADKEY=/home/mihai/personal/vex-nim/.beads/issues.jsonl
time=2026-01-18T10:46:03.943+01:00 level=INFO msg="File change detected: %s" !BADKEY=/home/mihai/personal/vex-nim/.beads/issues.jsonl
time=2026-01-18T10:46:04.002+01:00 level=INFO msg="Git ref change detected: %s" !BADKEY=/home/mihai/personal/vex-nim/.git/refs/heads/main.lock
time=2026-01-18T10:46:05.004+01:00 level=INFO msg="Import triggered by file change"
time=2026-01-18T10:46:05.004+01:00 level=INFO msg="Starting %s..." !BADKEY=auto-import
time=2026-01-18T10:46:05.005+01:00 level=INFO msg="Skipping %s: JSONL content unchanged" !BADKEY=auto-import
time=2026-01-18T10:46:09.972+01:00 level=INFO msg="Mutation detected: %s %s" status=vex-nim-bkf
time=2026-01-18T10:46:10.473+01:00 level=INFO msg="Export triggered by mutation events"
time=2026-01-18T10:46:10.473+01:00 level=INFO msg="Starting %s..." !BADKEY=export
time=2026-01-18T10:46:10.477+01:00 level=INFO msg="Exported to JSONL"
time=2026-01-18T10:46:10.477+01:00 level=INFO msg="Export complete"
time=2026-01-18T10:46:10.478+01:00 level=INFO msg="JSONL file created: %s" !BADKEY=/home/mihai/personal/vex-nim/.beads/issues.jsonl
time=2026-01-18T10:46:10.478+01:00 level=INFO msg="File change detected: %s" !BADKEY=/home/mihai/personal/vex-nim/.beads/issues.jsonl
time=2026-01-18T10:46:11.479+01:00 level=INFO msg="Import triggered by file change"
time=2026-01-18T10:46:11.480+01:00 level=INFO msg="Starting %s..." !BADKEY=auto-import
time=2026-01-18T10:46:11.480+01:00 level=INFO msg="JSONL content changed, proceeding with %s..." !BADKEY=auto-import
time=2026-01-18T10:46:11.482+01:00 level=INFO msg="⚠️  WARNING: Uncommitted local changes detected in %s" !BADKEY=/home/mihai/personal/vex-nim/.beads/issues.jsonl
time=2026-01-18T10:46:11.482+01:00 level=INFO msg="   Pulling from remote may overwrite local unpushed changes."
time=2026-01-18T10:46:11.482+01:00 level=INFO msg="   Consider running 'bd sync' to commit and push your changes first."
time=2026-01-18T10:46:13.006+01:00 level=INFO msg="Pulled from remote"
time=2026-01-18T10:46:13.014+01:00 level=INFO msg="Imported from JSONL"
time=2026-01-18T10:46:13.016+01:00 level=INFO msg="Auto-import complete"
time=2026-01-18T10:47:08.567+01:00 level=INFO msg="JSONL file created: %s" !BADKEY=/home/mihai/personal/vex-nim/.beads/issues.jsonl
time=2026-01-18T10:47:08.567+01:00 level=INFO msg="File change detected: %s" !BADKEY=/home/mihai/personal/vex-nim/.beads/issues.jsonl
time=2026-01-18T10:47:08.619+01:00 level=INFO msg="Git ref change detected: %s" !BADKEY=/home/mihai/personal/vex-nim/.git/refs/heads/main.lock
time=2026-01-18T10:47:09.621+01:00 level=INFO msg="Import triggered by file change"
time=2026-01-18T10:47:09.621+01:00 level=INFO msg="Starting %s..." !BADKEY=auto-import
time=2026-01-18T10:47:09.622+01:00 level=INFO msg="Skipping %s: JSONL content unchanged" !BADKEY=auto-import
time=2026-01-18T10:47:34.799+01:00 level=INFO msg="JSONL file created: %s" !BADKEY=/home/mihai/personal/vex-nim/.beads/issues.jsonl
time=2026-01-18T10:47:34.799+01:00 level=INFO msg="File change detected: %s" !BADKEY=/home/mihai/personal/vex-nim/.beads/issues.jsonl
time=2026-01-18T10:47:34.869+01:00 level=INFO msg="Git ref change detected: %s" !BADKEY=/home/mihai/personal/vex-nim/.git/refs/heads/main.lock
time=2026-01-18T10:47:35.870+01:00 level=INFO msg="Import triggered by file change"
time=2026-01-18T10:47:35.871+01:00 level=INFO msg="Starting %s..." !BADKEY=auto-import
time=2026-01-18T10:47:35.872+01:00 level=INFO msg="Skipping %s: JSONL content unchanged" !BADKEY=auto-import
time=2026-01-18T10:47:40.114+01:00 level=INFO msg="Mutation detected: %s %s" status=vex-nim-bkf
time=2026-01-18T10:47:40.615+01:00 level=INFO msg="Export triggered by mutation events"
time=2026-01-18T10:47:40.615+01:00 level=INFO msg="Starting %s..." !BADKEY=export
time=2026-01-18T10:47:40.620+01:00 level=INFO msg="Exported to JSONL"
time=2026-01-18T10:47:40.620+01:00 level=INFO msg="Export complete"
time=2026-01-18T10:47:40.620+01:00 level=INFO msg="JSONL file created: %s" !BADKEY=/home/mihai/personal/vex-nim/.beads/issues.jsonl
time=2026-01-18T10:47:40.620+01:00 level=INFO msg="File change detected: %s" !BADKEY=/home/mihai/personal/vex-nim/.beads/issues.jsonl
time=2026-01-18T10:47:41.621+01:00 level=INFO msg="Import triggered by file change"
time=2026-01-18T10:47:41.622+01:00 level=INFO msg="Starting %s..." !BADKEY=auto-import
time=2026-01-18T10:47:41.622+01:00 level=INFO msg="JSONL content changed, proceeding with %s..." !BADKEY=auto-import
time=2026-01-18T10:47:41.625+01:00 level=INFO msg="⚠️  WARNING: Uncommitted local changes detected in %s" !BADKEY=/home/mihai/personal/vex-nim/.beads/issues.jsonl
time=2026-01-18T10:47:41.625+01:00 level=INFO msg="   Pulling from remote may overwrite local unpushed changes."
time=2026-01-18T10:47:41.625+01:00 level=INFO msg="   Consider running 'bd sync' to commit and push your changes first."
time=2026-01-18T10:47:41.917+01:00 level=INFO msg="JSONL file created: %s" !BADKEY=/home/mihai/personal/vex-nim/.beads/issues.jsonl
time=2026-01-18T10:47:42.028+01:00 level=INFO msg="JSONL file created: %s" !BADKEY=/home/mihai/personal/vex-nim/.beads/issues.jsonl
time=2026-01-18T10:47:42.028+01:00 level=INFO msg="File change detected: %s" !BADKEY=/home/mihai/personal/vex-nim/.beads/issues.jsonl
time=2026-01-18T10:47:43.029+01:00 level=INFO msg="Import triggered by file change"
time=2026-01-18T10:47:43.029+01:00 level=INFO msg="Starting %s..." !BADKEY=auto-import
time=2026-01-18T10:47:43.030+01:00 level=INFO msg="JSONL content changed, proceeding with %s..." !BADKEY=auto-import
time=2026-01-18T10:47:43.033+01:00 level=INFO msg="⚠️  WARNING: Uncommitted local changes detected in %s" !BADKEY=/home/mihai/personal/vex-nim/.beads/issues.jsonl
time=2026-01-18T10:47:43.033+01:00 level=INFO msg="   Pulling from remote may overwrite local unpushed changes."
time=2026-01-18T10:47:43.033+01:00 level=INFO msg="   Consider running 'bd sync' to commit and push your changes first."
time=2026-01-18T10:47:43.064+01:00 level=INFO msg="Pull failed: %v (backoff: %v)" !BADKEY="git pull failed: exit status 1\nFrom github.com:MihaiAnca13/vex-nim\n * branch            main       -> FETCH_HEAD\nThere are no candidates for merging among the refs that you just fetched.\nGenerally this means that you provided a wildcard refspec which had no\nmatches on the remote end.\n" !BADKEY=30s
time=2026-01-18T10:47:44.522+01:00 level=INFO msg="Pulled from remote"
time=2026-01-18T10:47:44.548+01:00 level=INFO msg="Imported from JSONL"
time=2026-01-18T10:47:44.551+01:00 level=INFO msg="Auto-import complete"
time=2026-01-18T10:47:46.674+01:00 level=INFO msg="JSONL file created: %s" !BADKEY=/home/mihai/personal/vex-nim/.beads/issues.jsonl
time=2026-01-18T10:47:46.674+01:00 level=INFO msg="File change detected: %s" !BADKEY=/home/mihai/personal/vex-nim/.beads/issues.jsonl
time=2026-01-18T10:47:46.737+01:00 level=INFO msg="Git ref change detected: %s" !BADKEY=/home/mihai/personal/vex-nim/.git/refs/heads/main.lock
time=2026-01-18T10:47:47.738+01:00 level=INFO msg="Import triggered by file change"
time=2026-01-18T10:47:47.738+01:00 level=INFO msg="Starting %s..." !BADKEY=auto-import
time=2026-01-18T10:47:47.739+01:00 level=INFO msg="Skipping %s: JSONL content unchanged" !BADKEY=auto-import
time=2026-01-18T10:47:48.272+01:00 level=INFO msg="JSONL file created: %s" !BADKEY=/home/mihai/personal/vex-nim/.beads/issues.jsonl
time=2026-01-18T10:47:48.272+01:00 level=INFO msg="File change detected: %s" !BADKEY=/home/mihai/personal/vex-nim/.beads/issues.jsonl
time=2026-01-18T10:47:49.274+01:00 level=INFO msg="Import triggered by file change"
time=2026-01-18T10:47:49.274+01:00 level=INFO msg="Starting %s..." !BADKEY=auto-import
time=2026-01-18T10:47:49.275+01:00 level=INFO msg="Skipping %s: JSONL content unchanged" !BADKEY=auto-import
time=2026-01-18T10:48:02.324+01:00 level=INFO msg="JSONL file created: %s" !BADKEY=/home/mihai/personal/vex-nim/.beads/issues.jsonl
time=2026-01-18T10:48:02.324+01:00 level=INFO msg="File change detected: %s" !BADKEY=/home/mihai/personal/vex-nim/.beads/issues.jsonl
time=2026-01-18T10:48:02.387+01:00 level=INFO msg="Git ref change detected: %s" !BADKEY=/home/mihai/personal/vex-nim/.git/refs/heads/main.lock
time=2026-01-18T10:48:03.389+01:00 level=INFO msg="Import triggered by file change"
time=2026-01-18T10:48:03.390+01:00 level=INFO msg="Starting %s..." !BADKEY=auto-import
time=2026-01-18T10:48:03.392+01:00 level=INFO msg="Skipping %s: JSONL content unchanged" !BADKEY=auto-import
time=2026-01-18T10:48:03.830+01:00 level=INFO msg="JSONL file created: %s" !BADKEY=/home/mihai/personal/vex-nim/.beads/issues.jsonl
time=2026-01-18T10:48:03.831+01:00 level=INFO msg="File change detected: %s" !BADKEY=/home/mihai/personal/vex-nim/.beads/issues.jsonl
time=2026-01-18T10:48:04.833+01:00 level=INFO msg="Import triggered by file change"
time=2026-01-18T10:48:04.833+01:00 level=INFO msg="Starting %s..." !BADKEY=auto-import
time=2026-01-18T10:48:04.834+01:00 level=INFO msg="Skipping %s: JSONL content unchanged" !BADKEY=auto-import
